<?xml version="1.0" encoding="UTF-8"?>
<testng-results ignored="0" total="1" passed="1" failed="0" skipped="0">
  <reporter-output>
  </reporter-output>
  <suite started-at="2026-09-13T04:50:34 IST" name="Suite" finished-at="2026-09-13T04:50:44 IST" duration-ms="9740">
    <groups>
    </groups>
    <test started-at="2026-09-13T04:50:34 IST" name="Test" finished-at="2026-09-13T04:50:44 IST" duration-ms="9740">
      <class name="TestCases.TC001_AccountRegistrationTest">
        <test-method is-config="true" signature="setup()[pri:0, instance:TestCases.TC001_AccountRegistrationTest@15c43bd9]" started-at="2026-09-13T04:50:34 IST" name="setup" finished-at="2026-09-13T04:50:40 IST" duration-ms="5830" status="PASS">
          <reporter-output>
          </reporter-output>
        </test-method> <!-- setup -->
        <test-method signature="verify_account_registration()[pri:0, instance:TestCases.TC001_AccountRegistrationTest@15c43bd9]" started-at="2026-09-13T04:50:40 IST" name="verify_account_registration" finished-at="2026-09-13T04:50:44 IST" duration-ms="3790" status="PASS">
          <reporter-output>
          </reporter-output>
        </test-method> <!-- verify_account_registration -->
        <test-method is-config="true" signature="tearDown()[pri:0, instance:TestCases.TC001_AccountRegistrationTest@15c43bd9]" started-at="2026-09-13T04:50:44 IST" name="tearDown" finished-at="2026-09-13T04:50:44 IST" duration-ms="99" status="PASS">
          <reporter-output>
          </reporter-output>
        </test-method> <!-- tearDown -->
      </class> <!-- TestCases.TC001_AccountRegistrationTest -->
    </test> <!-- Test -->
  </suite> <!-- Suite -->
</testng-results>
