<?xml version="1.0" encoding="UTF-8"?>
<testng-results ignored="0" total="1" passed="1" failed="0" skipped="0">
  <reporter-output>
  </reporter-output>
  <suite started-at="2026-09-09T06:07:13 IST" name="Suite" finished-at="2026-09-09T06:07:20 IST" duration-ms="7173">
    <groups>
    </groups>
    <test started-at="2026-09-09T06:07:13 IST" name="Test" finished-at="2026-09-09T06:07:20 IST" duration-ms="7173">
      <class name="TestCases.TC001_AccountRegistrationTest">
        <test-method is-config="true" signature="setup()[pri:0, instance:TestCases.TC001_AccountRegistrationTest@6ca8564a]" started-at="2026-09-09T06:07:13 IST" name="setup" finished-at="2026-09-09T06:07:17 IST" duration-ms="4275" status="PASS">
          <reporter-output>
          </reporter-output>
        </test-method> <!-- setup -->
        <test-method signature="verify_account_registration()[pri:0, instance:TestCases.TC001_AccountRegistrationTest@6ca8564a]" started-at="2026-09-09T06:07:17 IST" name="verify_account_registration" finished-at="2026-09-09T06:07:20 IST" duration-ms="2755" status="PASS">
          <reporter-output>
          </reporter-output>
        </test-method> <!-- verify_account_registration -->
        <test-method is-config="true" signature="tearDown()[pri:0, instance:TestCases.TC001_AccountRegistrationTest@6ca8564a]" started-at="2026-09-09T06:07:20 IST" name="tearDown" finished-at="2026-09-09T06:07:20 IST" duration-ms="108" status="PASS">
          <reporter-output>
          </reporter-output>
        </test-method> <!-- tearDown -->
      </class> <!-- TestCases.TC001_AccountRegistrationTest -->
    </test> <!-- Test -->
  </suite> <!-- Suite -->
</testng-results>
